<?xml version="1.0" encoding="utf-8"?>
<CoverageSession xmlns:xsd="http://www.w3.org/2001/XMLSchema" xmlns:xsi="http://www.w3.org/2001/XMLSchema-instance" Version="4.6.0.0">
  <Summary numSequencePoints="117" visitedSequencePoints="33" numBranchPoints="25" visitedBranchPoints="6" sequenceCoverage="28.21" branchCoverage="24" maxCyclomaticComplexity="3" minCyclomaticComplexity="1" maxCrapScore="6" minCrapScore="1" visitedClasses="2" numClasses="4" visitedMethods="5" numMethods="17" />
  <Modules>
    <Module hash="FA-4A-7D-99-CD-75-B6-60-65-11-AA-E1-62-6C-42-04-02-24-37-74">
      <Summary numSequencePoints="22" visitedSequencePoints="7" numBranchPoints="4" visitedBranchPoints="1" sequenceCoverage="31.82" branchCoverage="25" maxCyclomaticComplexity="1" minCyclomaticComplexity="1" maxCrapScore="2" minCrapScore="1" visitedClasses="1" numClasses="2" visitedMethods="1" numMethods="4" />
      <ModulePath>C:\Users\Milenko\Documents\Tim4\ResProjekat\ParserFileTest\bin\Debug\ParserFileTest.dll</ModulePath>
      <ModuleTime>2020-06-14T13:52:25.2893802Z</ModuleTime>
      <ModuleName>ParserFileTest</ModuleName>
      <Files>
        <File uid="1" fullPath="C:\Users\Milenko\Documents\Tim4\ResProjekat\ParserFileTest\ProveraFajlaTest.cs" />
        <File uid="2" fullPath="C:\Users\Milenko\Documents\Tim4\ResProjekat\ParserFileTest\UpisUFajlTest.cs" />
      </Files>
      <Classes>
        <Class>
          <Summary numSequencePoints="12" visitedSequencePoints="7" numBranchPoints="2" visitedBranchPoints="1" sequenceCoverage="58.33" branchCoverage="50" maxCyclomaticComplexity="1" minCyclomaticComplexity="1" maxCrapScore="2" minCrapScore="1" visitedClasses="1" numClasses="1" visitedMethods="1" numMethods="2" />
          <FullName>ParserFileTest.ProveraFajlaTest</FullName>
          <Methods>
            <Method visited="false" cyclomaticComplexity="1" nPathComplexity="0" sequenceCoverage="0" branchCoverage="0" crapScore="2" isConstructor="false" isStatic="false" isGetter="false" isSetter="false">
              <Summary numSequencePoints="5" visitedSequencePoints="0" numBranchPoints="1" visitedBranchPoints="0" sequenceCoverage="0" branchCoverage="0" maxCyclomaticComplexity="1" minCyclomaticComplexity="1" maxCrapScore="2" minCrapScore="2" visitedClasses="0" numClasses="0" visitedMethods="0" numMethods="1" />
              <MetadataToken>100663297</MetadataToken>
              <Name>System.Void ParserFileTest.ProveraFajlaTest::ProveraPutanjeFajlaLosa()</Name>
              <FileRef uid="1" />
              <SequencePoints>
                <SequencePoint vc="0" uspid="1" ordinal="0" offset="0" sl="18" sc="9" el="18" ec="10" bec="0" bev="0" fileid="1" />
                <SequencePoint vc="0" uspid="2" ordinal="1" offset="1" sl="19" sc="13" el="19" ec="50" bec="0" bev="0" fileid="1" />
                <SequencePoint vc="0" uspid="3" ordinal="2" offset="7" sl="20" sc="13" el="20" ec="47" bec="0" bev="0" fileid="1" />
                <SequencePoint vc="0" uspid="4" ordinal="3" offset="14" sl="21" sc="13" el="21" ec="39" bec="0" bev="0" fileid="1" />
                <SequencePoint vc="0" uspid="5" ordinal="4" offset="32" sl="22" sc="9" el="22" ec="10" bec="0" bev="0" fileid="1" />
              </SequencePoints>
              <BranchPoints />
              <MethodPoint xsi:type="SequencePoint" vc="0" uspid="1" ordinal="0" offset="0" sl="18" sc="9" el="18" ec="10" bec="0" bev="0" fileid="1" />
            </Method>
            <Method visited="true" cyclomaticComplexity="1" nPathComplexity="0" sequenceCoverage="100" branchCoverage="100" crapScore="1" isConstructor="false" isStatic="false" isGetter="false" isSetter="false">
              <Summary numSequencePoints="7" visitedSequencePoints="7" numBranchPoints="1" visitedBranchPoints="1" sequenceCoverage="100" branchCoverage="100" maxCyclomaticComplexity="1" minCyclomaticComplexity="1" maxCrapScore="1" minCrapScore="1" visitedClasses="0" numClasses="0" visitedMethods="1" numMethods="1" />
              <MetadataToken>100663298</MetadataToken>
              <Name>System.Void ParserFileTest.ProveraFajlaTest::ProveraPutanjeFajlaDobra()</Name>
              <FileRef uid="1" />
              <SequencePoints>
                <SequencePoint vc="1" uspid="6" ordinal="0" offset="0" sl="26" sc="9" el="26" ec="10" bec="0" bev="0" fileid="1">
                  <TrackedMethodRefs>
                    <TrackedMethodRef uid="2" vc="1" />
                  </TrackedMethodRefs>
                </SequencePoint>
                <SequencePoint vc="1" uspid="7" ordinal="1" offset="1" sl="27" sc="13" el="27" ec="50" bec="0" bev="0" fileid="1">
                  <TrackedMethodRefs>
                    <TrackedMethodRef uid="2" vc="1" />
                  </TrackedMethodRefs>
                </SequencePoint>
                <SequencePoint vc="1" uspid="8" ordinal="2" offset="7" sl="28" sc="13" el="28" ec="50" bec="0" bev="0" fileid="1">
                  <TrackedMethodRefs>
                    <TrackedMethodRef uid="2" vc="1" />
                  </TrackedMethodRefs>
                </SequencePoint>
                <SequencePoint vc="1" uspid="9" ordinal="3" offset="19" sl="29" sc="13" el="29" ec="37" bec="0" bev="0" fileid="1">
                  <TrackedMethodRefs>
                    <TrackedMethodRef uid="2" vc="1" />
                  </TrackedMethodRefs>
                </SequencePoint>
                <SequencePoint vc="1" uspid="10" ordinal="4" offset="31" sl="30" sc="13" el="30" ec="47" bec="0" bev="0" fileid="1">
                  <TrackedMethodRefs>
                    <TrackedMethodRef uid="2" vc="1" />
                  </TrackedMethodRefs>
                </SequencePoint>
                <SequencePoint vc="1" uspid="11" ordinal="5" offset="38" sl="31" sc="13" el="31" ec="38" bec="0" bev="0" fileid="1">
                  <TrackedMethodRefs>
                    <TrackedMethodRef uid="2" vc="1" />
                  </TrackedMethodRefs>
                </SequencePoint>
                <SequencePoint vc="1" uspid="12" ordinal="6" offset="56" sl="32" sc="9" el="32" ec="10" bec="0" bev="0" fileid="1">
                  <TrackedMethodRefs>
                    <TrackedMethodRef uid="2" vc="1" />
                  </TrackedMethodRefs>
                </SequencePoint>
              </SequencePoints>
              <BranchPoints />
              <MethodPoint xsi:type="SequencePoint" vc="1" uspid="6" ordinal="0" offset="0" sl="26" sc="9" el="26" ec="10" bec="0" bev="0" fileid="1">
                <TrackedMethodRefs>
                  <TrackedMethodRef uid="2" vc="1" />
                </TrackedMethodRefs>
              </MethodPoint>
            </Method>
            <Method visited="false" cyclomaticComplexity="1" nPathComplexity="0" sequenceCoverage="0" branchCoverage="0" crapScore="2" isConstructor="true" isStatic="false" isGetter="false" isSetter="false">
              <Summary numSequencePoints="0" visitedSequencePoints="0" numBranchPoints="0" visitedBranchPoints="0" sequenceCoverage="0" branchCoverage="0" maxCyclomaticComplexity="1" minCyclomaticComplexity="1" maxCrapScore="2" minCrapScore="2" visitedClasses="0" numClasses="0" visitedMethods="0" numMethods="0" />
              <MetadataToken>100663299</MetadataToken>
              <Name>System.Void ParserFileTest.ProveraFajlaTest::.ctor()</Name>
              <SequencePoints />
              <BranchPoints />
              <MethodPoint vc="0" uspid="13" ordinal="0" offset="0" />
            </Method>
          </Methods>
        </Class>
        <Class>
          <Summary numSequencePoints="10" visitedSequencePoints="0" numBranchPoints="2" visitedBranchPoints="0" sequenceCoverage="0" branchCoverage="0" maxCyclomaticComplexity="1" minCyclomaticComplexity="1" maxCrapScore="2" minCrapScore="2" visitedClasses="0" numClasses="1" visitedMethods="0" numMethods="2" />
          <FullName>ParserFileTest.UpisUFajlTest</FullName>
          <Methods>
            <Method visited="false" cyclomaticComplexity="1" nPathComplexity="0" sequenceCoverage="0" branchCoverage="0" crapScore="2" isConstructor="false" isStatic="false" isGetter="false" isSetter="false">
              <Summary numSequencePoints="5" visitedSequencePoints="0" numBranchPoints="1" visitedBranchPoints="0" sequenceCoverage="0" branchCoverage="0" maxCyclomaticComplexity="1" minCyclomaticComplexity="1" maxCrapScore="2" minCrapScore="2" visitedClasses="0" numClasses="0" visitedMethods="0" numMethods="1" />
              <MetadataToken>100663300</MetadataToken>
              <Name>System.Void ParserFileTest.UpisUFajlTest::UpisiUFajlDobro(System.String)</Name>
              <FileRef uid="2" />
              <SequencePoints>
                <SequencePoint vc="0" uspid="14" ordinal="0" offset="0" sl="17" sc="9" el="17" ec="10" bec="0" bev="0" fileid="2" />
                <SequencePoint vc="0" uspid="15" ordinal="1" offset="1" sl="19" sc="13" el="19" ec="44" bec="0" bev="0" fileid="2" />
                <SequencePoint vc="0" uspid="16" ordinal="2" offset="7" sl="20" sc="13" el="20" ec="34" bec="0" bev="0" fileid="2" />
                <SequencePoint vc="0" uspid="17" ordinal="3" offset="15" sl="21" sc="13" el="21" ec="38" bec="0" bev="0" fileid="2" />
                <SequencePoint vc="0" uspid="18" ordinal="4" offset="33" sl="22" sc="9" el="22" ec="10" bec="0" bev="0" fileid="2" />
              </SequencePoints>
              <BranchPoints />
              <MethodPoint xsi:type="SequencePoint" vc="0" uspid="14" ordinal="0" offset="0" sl="17" sc="9" el="17" ec="10" bec="0" bev="0" fileid="2" />
            </Method>
            <Method visited="false" cyclomaticComplexity="1" nPathComplexity="0" sequenceCoverage="0" branchCoverage="0" crapScore="2" isConstructor="false" isStatic="false" isGetter="false" isSetter="false">
              <Summary numSequencePoints="5" visitedSequencePoints="0" numBranchPoints="1" visitedBranchPoints="0" sequenceCoverage="0" branchCoverage="0" maxCyclomaticComplexity="1" minCyclomaticComplexity="1" maxCrapScore="2" minCrapScore="2" visitedClasses="0" numClasses="0" visitedMethods="0" numMethods="1" />
              <MetadataToken>100663301</MetadataToken>
              <Name>System.Void ParserFileTest.UpisUFajlTest::UpisiUFajlLose(System.String)</Name>
              <FileRef uid="2" />
              <SequencePoints>
                <SequencePoint vc="0" uspid="19" ordinal="0" offset="0" sl="27" sc="9" el="27" ec="10" bec="0" bev="0" fileid="2" />
                <SequencePoint vc="0" uspid="20" ordinal="1" offset="1" sl="29" sc="13" el="29" ec="44" bec="0" bev="0" fileid="2" />
                <SequencePoint vc="0" uspid="21" ordinal="2" offset="7" sl="30" sc="13" el="30" ec="34" bec="0" bev="0" fileid="2" />
                <SequencePoint vc="0" uspid="22" ordinal="3" offset="15" sl="31" sc="13" el="31" ec="39" bec="0" bev="0" fileid="2" />
                <SequencePoint vc="0" uspid="23" ordinal="4" offset="33" sl="32" sc="9" el="32" ec="10" bec="0" bev="0" fileid="2" />
              </SequencePoints>
              <BranchPoints />
              <MethodPoint xsi:type="SequencePoint" vc="0" uspid="19" ordinal="0" offset="0" sl="27" sc="9" el="27" ec="10" bec="0" bev="0" fileid="2" />
            </Method>
            <Method visited="false" cyclomaticComplexity="1" nPathComplexity="0" sequenceCoverage="0" branchCoverage="0" crapScore="2" isConstructor="true" isStatic="false" isGetter="false" isSetter="false">
              <Summary numSequencePoints="0" visitedSequencePoints="0" numBranchPoints="0" visitedBranchPoints="0" sequenceCoverage="0" branchCoverage="0" maxCyclomaticComplexity="1" minCyclomaticComplexity="1" maxCrapScore="2" minCrapScore="2" visitedClasses="0" numClasses="0" visitedMethods="0" numMethods="0" />
              <MetadataToken>100663302</MetadataToken>
              <Name>System.Void ParserFileTest.UpisUFajlTest::.ctor()</Name>
              <SequencePoints />
              <BranchPoints />
              <MethodPoint vc="0" uspid="24" ordinal="0" offset="0" />
            </Method>
          </Methods>
        </Class>
      </Classes>
      <TrackedMethods>
        <TrackedMethod uid="1" token="100663297" name="System.Void ParserFileTest.ProveraFajlaTest::ProveraPutanjeFajlaLosa()" strategy="NUnitTest" />
        <TrackedMethod uid="2" token="100663298" name="System.Void ParserFileTest.ProveraFajlaTest::ProveraPutanjeFajlaDobra()" strategy="NUnitTest" />
        <TrackedMethod uid="3" token="100663300" name="System.Void ParserFileTest.UpisUFajlTest::UpisiUFajlDobro(System.String)" strategy="NUnitTest" />
        <TrackedMethod uid="4" token="100663300" name="System.Void ParserFileTest.UpisUFajlTest::UpisiUFajlDobro(System.String)" strategy="NUnitTest" />
        <TrackedMethod uid="5" token="100663301" name="System.Void ParserFileTest.UpisUFajlTest::UpisiUFajlLose(System.String)" strategy="NUnitTest" />
        <TrackedMethod uid="6" token="100663301" name="System.Void ParserFileTest.UpisUFajlTest::UpisiUFajlLose(System.String)" strategy="NUnitTest" />
      </TrackedMethods>
    </Module>
    <Module hash="0B-16-E6-B8-36-F1-40-8C-55-88-D5-44-09-0C-0C-50-C3-EE-DD-72">
      <Summary numSequencePoints="95" visitedSequencePoints="26" numBranchPoints="21" visitedBranchPoints="5" sequenceCoverage="27.37" branchCoverage="23.81" maxCyclomaticComplexity="3" minCyclomaticComplexity="1" maxCrapScore="6" minCrapScore="1" visitedClasses="1" numClasses="2" visitedMethods="4" numMethods="13" />
      <ModulePath>C:\Users\Milenko\Documents\Tim4\ResProjekat\ParserFileTest\bin\Debug\ParserFile.dll</ModulePath>
      <ModuleTime>2020-06-14T13:52:24.9480647Z</ModuleTime>
      <ModuleName>ParserFile</ModuleName>
      <Files>
        <File uid="5" fullPath="C:\Users\Milenko\Documents\Tim4\ResProjekat\ParserFile\ProveraFajla.cs" />
        <File uid="6" fullPath="C:\Users\Milenko\Documents\Tim4\ResProjekat\ParserFile\UpisUFajl.cs" />
      </Files>
      <Classes>
        <Class>
          <Summary numSequencePoints="55" visitedSequencePoints="26" numBranchPoints="11" visitedBranchPoints="5" sequenceCoverage="47.27" branchCoverage="45.45" maxCyclomaticComplexity="3" minCyclomaticComplexity="1" maxCrapScore="6" minCrapScore="1" visitedClasses="1" numClasses="1" visitedMethods="4" numMethods="7" />
          <FullName>ParserFile.ProveraFajla</FullName>
          <Methods>
            <Method skippedDueTo="AutoImplementedProperty" visited="false" cyclomaticComplexity="1" nPathComplexity="0" sequenceCoverage="0" branchCoverage="0" crapScore="0" isConstructor="false" isStatic="false" isGetter="true" isSetter="false">
              <MetadataToken>100663297</MetadataToken>
              <Name>System.Boolean ParserFile.ProveraFajla::get_Isfile()</Name>
              <FileRef uid="5" />
              <SequencePoints />
              <BranchPoints />
            </Method>
            <Method skippedDueTo="AutoImplementedProperty" visited="false" cyclomaticComplexity="1" nPathComplexity="0" sequenceCoverage="0" branchCoverage="0" crapScore="0" isConstructor="false" isStatic="false" isGetter="false" isSetter="true">
              <MetadataToken>100663298</MetadataToken>
              <Name>System.Void ParserFile.ProveraFajla::set_Isfile(System.Boolean)</Name>
              <FileRef uid="5" />
              <SequencePoints />
              <BranchPoints />
            </Method>
            <Method visited="false" cyclomaticComplexity="1" nPathComplexity="0" sequenceCoverage="0" branchCoverage="0" crapScore="2" isConstructor="false" isStatic="false" isGetter="true" isSetter="false">
              <Summary numSequencePoints="3" visitedSequencePoints="0" numBranchPoints="1" visitedBranchPoints="0" sequenceCoverage="0" branchCoverage="0" maxCyclomaticComplexity="1" minCyclomaticComplexity="1" maxCrapScore="2" minCrapScore="2" visitedClasses="0" numClasses="0" visitedMethods="0" numMethods="1" />
              <MetadataToken>100663299</MetadataToken>
              <Name>System.String ParserFile.ProveraFajla::get_PrimljenFajl()</Name>
              <FileRef uid="5" />
              <SequencePoints>
                <SequencePoint vc="0" uspid="25" ordinal="0" offset="0" sl="18" sc="17" el="18" ec="18" bec="0" bev="0" fileid="5" />
                <SequencePoint vc="0" uspid="26" ordinal="1" offset="1" sl="18" sc="19" el="18" ec="39" bec="0" bev="0" fileid="5" />
                <SequencePoint vc="0" uspid="27" ordinal="2" offset="10" sl="18" sc="40" el="18" ec="41" bec="0" bev="0" fileid="5" />
              </SequencePoints>
              <BranchPoints />
              <MethodPoint xsi:type="SequencePoint" vc="0" uspid="25" ordinal="0" offset="0" sl="18" sc="17" el="18" ec="18" bec="0" bev="0" fileid="5" />
            </Method>
            <Method visited="true" cyclomaticComplexity="1" nPathComplexity="0" sequenceCoverage="100" branchCoverage="100" crapScore="1" isConstructor="false" isStatic="false" isGetter="false" isSetter="true">
              <Summary numSequencePoints="3" visitedSequencePoints="3" numBranchPoints="1" visitedBranchPoints="1" sequenceCoverage="100" branchCoverage="100" maxCyclomaticComplexity="1" minCyclomaticComplexity="1" maxCrapScore="1" minCrapScore="1" visitedClasses="0" numClasses="0" visitedMethods="1" numMethods="1" />
              <MetadataToken>100663300</MetadataToken>
              <Name>System.Void ParserFile.ProveraFajla::set_PrimljenFajl(System.String)</Name>
              <FileRef uid="5" />
              <SequencePoints>
                <SequencePoint vc="1" uspid="28" ordinal="0" offset="0" sl="19" sc="17" el="19" ec="18" bec="0" bev="0" fileid="5">
                  <TrackedMethodRefs>
                    <TrackedMethodRef uid="2" vc="1" />
                  </TrackedMethodRefs>
                </SequencePoint>
                <SequencePoint vc="1" uspid="29" ordinal="1" offset="1" sl="19" sc="19" el="19" ec="40" bec="0" bev="0" fileid="5">
                  <TrackedMethodRefs>
                    <TrackedMethodRef uid="2" vc="1" />
                  </TrackedMethodRefs>
                </SequencePoint>
                <SequencePoint vc="1" uspid="30" ordinal="2" offset="8" sl="19" sc="41" el="19" ec="42" bec="0" bev="0" fileid="5">
                  <TrackedMethodRefs>
                    <TrackedMethodRef uid="2" vc="1" />
                  </TrackedMethodRefs>
                </SequencePoint>
              </SequencePoints>
              <BranchPoints />
              <MethodPoint xsi:type="SequencePoint" vc="1" uspid="28" ordinal="0" offset="0" sl="19" sc="17" el="19" ec="18" bec="0" bev="0" fileid="5">
                <TrackedMethodRefs>
                  <TrackedMethodRef uid="2" vc="1" />
                </TrackedMethodRefs>
              </MethodPoint>
            </Method>
            <Method visited="false" cyclomaticComplexity="1" nPathComplexity="0" sequenceCoverage="0" branchCoverage="0" crapScore="2" isConstructor="false" isStatic="false" isGetter="true" isSetter="false">
              <Summary numSequencePoints="3" visitedSequencePoints="0" numBranchPoints="1" visitedBranchPoints="0" sequenceCoverage="0" branchCoverage="0" maxCyclomaticComplexity="1" minCyclomaticComplexity="1" maxCrapScore="2" minCrapScore="2" visitedClasses="0" numClasses="0" visitedMethods="0" numMethods="1" />
              <MetadataToken>100663301</MetadataToken>
              <Name>System.String ParserFile.ProveraFajla::get_Fajl()</Name>
              <FileRef uid="5" />
              <SequencePoints>
                <SequencePoint vc="0" uspid="31" ordinal="0" offset="0" sl="26" sc="17" el="26" ec="18" bec="0" bev="0" fileid="5" />
                <SequencePoint vc="0" uspid="32" ordinal="1" offset="1" sl="26" sc="19" el="26" ec="31" bec="0" bev="0" fileid="5" />
                <SequencePoint vc="0" uspid="33" ordinal="2" offset="10" sl="26" sc="32" el="26" ec="33" bec="0" bev="0" fileid="5" />
              </SequencePoints>
              <BranchPoints />
              <MethodPoint xsi:type="SequencePoint" vc="0" uspid="31" ordinal="0" offset="0" sl="26" sc="17" el="26" ec="18" bec="0" bev="0" fileid="5" />
            </Method>
            <Method visited="true" cyclomaticComplexity="1" nPathComplexity="0" sequenceCoverage="100" branchCoverage="100" crapScore="1" isConstructor="false" isStatic="false" isGetter="false" isSetter="true">
              <Summary numSequencePoints="3" visitedSequencePoints="3" numBranchPoints="1" visitedBranchPoints="1" sequenceCoverage="100" branchCoverage="100" maxCyclomaticComplexity="1" minCyclomaticComplexity="1" maxCrapScore="1" minCrapScore="1" visitedClasses="0" numClasses="0" visitedMethods="1" numMethods="1" />
              <MetadataToken>100663302</MetadataToken>
              <Name>System.Void ParserFile.ProveraFajla::set_Fajl(System.String)</Name>
              <FileRef uid="5" />
              <SequencePoints>
                <SequencePoint vc="1" uspid="34" ordinal="0" offset="0" sl="27" sc="17" el="27" ec="18" bec="0" bev="0" fileid="5">
                  <TrackedMethodRefs>
                    <TrackedMethodRef uid="2" vc="1" />
                  </TrackedMethodRefs>
                </SequencePoint>
                <SequencePoint vc="1" uspid="35" ordinal="1" offset="1" sl="27" sc="19" el="27" ec="32" bec="0" bev="0" fileid="5">
                  <TrackedMethodRefs>
                    <TrackedMethodRef uid="2" vc="1" />
                  </TrackedMethodRefs>
                </SequencePoint>
                <SequencePoint vc="1" uspid="36" ordinal="2" offset="8" sl="27" sc="33" el="27" ec="34" bec="0" bev="0" fileid="5">
                  <TrackedMethodRefs>
                    <TrackedMethodRef uid="2" vc="1" />
                  </TrackedMethodRefs>
                </SequencePoint>
              </SequencePoints>
              <BranchPoints />
              <MethodPoint xsi:type="SequencePoint" vc="1" uspid="34" ordinal="0" offset="0" sl="27" sc="17" el="27" ec="18" bec="0" bev="0" fileid="5">
                <TrackedMethodRefs>
                  <TrackedMethodRef uid="2" vc="1" />
                </TrackedMethodRefs>
              </MethodPoint>
            </Method>
            <Method visited="true" cyclomaticComplexity="1" nPathComplexity="0" sequenceCoverage="100" branchCoverage="100" crapScore="1" isConstructor="true" isStatic="false" isGetter="false" isSetter="false">
              <Summary numSequencePoints="3" visitedSequencePoints="3" numBranchPoints="1" visitedBranchPoints="1" sequenceCoverage="100" branchCoverage="100" maxCyclomaticComplexity="1" minCyclomaticComplexity="1" maxCrapScore="1" minCrapScore="1" visitedClasses="0" numClasses="0" visitedMethods="1" numMethods="1" />
              <MetadataToken>100663303</MetadataToken>
              <Name>System.Void ParserFile.ProveraFajla::.ctor()</Name>
              <FileRef uid="5" />
              <SequencePoints>
                <SequencePoint vc="1" uspid="37" ordinal="0" offset="0" sl="31" sc="9" el="31" ec="30" bec="0" bev="0" fileid="5">
                  <TrackedMethodRefs>
                    <TrackedMethodRef uid="2" vc="1" />
                  </TrackedMethodRefs>
                </SequencePoint>
                <SequencePoint vc="1" uspid="38" ordinal="1" offset="7" sl="32" sc="9" el="32" ec="10" bec="0" bev="0" fileid="5">
                  <TrackedMethodRefs>
                    <TrackedMethodRef uid="2" vc="1" />
                  </TrackedMethodRefs>
                </SequencePoint>
                <SequencePoint vc="1" uspid="39" ordinal="2" offset="8" sl="33" sc="9" el="33" ec="10" bec="0" bev="0" fileid="5">
                  <TrackedMethodRefs>
                    <TrackedMethodRef uid="2" vc="1" />
                  </TrackedMethodRefs>
                </SequencePoint>
              </SequencePoints>
              <BranchPoints />
              <MethodPoint xsi:type="SequencePoint" vc="1" uspid="37" ordinal="0" offset="0" sl="31" sc="9" el="31" ec="30" bec="0" bev="0" fileid="5">
                <TrackedMethodRefs>
                  <TrackedMethodRef uid="2" vc="1" />
                </TrackedMethodRefs>
              </MethodPoint>
            </Method>
            <Method visited="true" cyclomaticComplexity="3" nPathComplexity="2" sequenceCoverage="68" branchCoverage="66.67" crapScore="3.29" isConstructor="false" isStatic="false" isGetter="false" isSetter="false">
              <Summary numSequencePoints="25" visitedSequencePoints="17" numBranchPoints="3" visitedBranchPoints="2" sequenceCoverage="68" branchCoverage="66.67" maxCyclomaticComplexity="3" minCyclomaticComplexity="3" maxCrapScore="3.29" minCrapScore="3.29" visitedClasses="0" numClasses="0" visitedMethods="1" numMethods="1" />
              <MetadataToken>100663304</MetadataToken>
              <Name>System.Boolean ParserFile.ProveraFajla::ProveraPutanjeFajla()</Name>
              <FileRef uid="5" />
              <SequencePoints>
                <SequencePoint vc="1" uspid="40" ordinal="0" offset="0" sl="37" sc="9" el="37" ec="10" bec="0" bev="0" fileid="5">
                  <TrackedMethodRefs>
                    <TrackedMethodRef uid="2" vc="1" />
                  </TrackedMethodRefs>
                </SequencePoint>
                <SequencePoint vc="1" uspid="41" ordinal="1" offset="1" sl="39" sc="13" el="39" ec="28" bec="0" bev="0" fileid="5">
                  <TrackedMethodRefs>
                    <TrackedMethodRef uid="2" vc="1" />
                  </TrackedMethodRefs>
                </SequencePoint>
                <SequencePoint vc="1" uspid="42" ordinal="2" offset="3" sl="41" sc="13" el="41" ec="14" bec="0" bev="0" fileid="5">
                  <TrackedMethodRefs>
                    <TrackedMethodRef uid="2" vc="1" />
                  </TrackedMethodRefs>
                </SequencePoint>
                <SequencePoint vc="1" uspid="43" ordinal="3" offset="4" sl="44" sc="17" el="44" ec="61" bec="0" bev="0" fileid="5">
                  <TrackedMethodRefs>
                    <TrackedMethodRef uid="2" vc="1" />
                  </TrackedMethodRefs>
                </SequencePoint>
                <SequencePoint vc="1" uspid="44" ordinal="4" offset="29" sl="46" sc="17" el="46" ec="57" bec="0" bev="0" fileid="5">
                  <TrackedMethodRefs>
                    <TrackedMethodRef uid="2" vc="1" />
                  </TrackedMethodRefs>
                </SequencePoint>
                <SequencePoint vc="1" uspid="45" ordinal="5" offset="36" sl="47" sc="17" el="47" ec="24" bec="0" bev="0" fileid="5">
                  <TrackedMethodRefs>
                    <TrackedMethodRef uid="2" vc="1" />
                  </TrackedMethodRefs>
                </SequencePoint>
                <SequencePoint vc="1" uspid="46" ordinal="6" offset="37" sl="47" sc="38" el="47" ec="43" bec="0" bev="0" fileid="5">
                  <TrackedMethodRefs>
                    <TrackedMethodRef uid="2" vc="1" />
                  </TrackedMethodRefs>
                </SequencePoint>
                <SequencePoint vc="1" uspid="47" ordinal="7" offset="44" sl="47" sc="26" el="47" ec="34" bec="0" bev="0" fileid="5">
                  <TrackedMethodRefs>
                    <TrackedMethodRef uid="2" vc="1" />
                  </TrackedMethodRefs>
                </SequencePoint>
                <SequencePoint vc="1" uspid="48" ordinal="8" offset="50" sl="48" sc="17" el="48" ec="18" bec="0" bev="0" fileid="5">
                  <TrackedMethodRefs>
                    <TrackedMethodRef uid="2" vc="1" />
                  </TrackedMethodRefs>
                </SequencePoint>
                <SequencePoint vc="1" uspid="49" ordinal="9" offset="51" sl="49" sc="21" el="49" ec="56" bec="2" bev="1" fileid="5">
                  <TrackedMethodRefs>
                    <TrackedMethodRef uid="2" vc="1" />
                  </TrackedMethodRefs>
                </SequencePoint>
                <SequencePoint vc="1" uspid="50" ordinal="10" offset="75" sl="50" sc="21" el="50" ec="22" bec="0" bev="0" fileid="5">
                  <TrackedMethodRefs>
                    <TrackedMethodRef uid="2" vc="1" />
                  </TrackedMethodRefs>
                </SequencePoint>
                <SequencePoint vc="1" uspid="51" ordinal="11" offset="76" sl="51" sc="25" el="51" ec="34" bec="0" bev="0" fileid="5">
                  <TrackedMethodRefs>
                    <TrackedMethodRef uid="2" vc="1" />
                  </TrackedMethodRefs>
                </SequencePoint>
                <SequencePoint vc="1" uspid="52" ordinal="12" offset="78" sl="52" sc="25" el="52" ec="31" bec="0" bev="0" fileid="5">
                  <TrackedMethodRefs>
                    <TrackedMethodRef uid="2" vc="1" />
                  </TrackedMethodRefs>
                </SequencePoint>
                <SequencePoint vc="0" uspid="53" ordinal="13" offset="80" sl="55" sc="21" el="55" ec="22" bec="0" bev="0" fileid="5" />
                <SequencePoint vc="0" uspid="54" ordinal="14" offset="81" sl="56" sc="25" el="56" ec="35" bec="0" bev="0" fileid="5" />
                <SequencePoint vc="0" uspid="55" ordinal="15" offset="83" sl="58" sc="21" el="58" ec="22" bec="0" bev="0" fileid="5" />
                <SequencePoint vc="0" uspid="56" ordinal="16" offset="84" sl="59" sc="17" el="59" ec="18" bec="0" bev="0" fileid="5" />
                <SequencePoint vc="1" uspid="57" ordinal="17" offset="91" sl="47" sc="35" el="47" ec="37" bec="0" bev="0" fileid="5">
                  <TrackedMethodRefs>
                    <TrackedMethodRef uid="2" vc="1" />
                  </TrackedMethodRefs>
                </SequencePoint>
                <SequencePoint vc="1" uspid="58" ordinal="18" offset="98" sl="60" sc="13" el="60" ec="14" bec="0" bev="0" fileid="5">
                  <TrackedMethodRefs>
                    <TrackedMethodRef uid="2" vc="1" />
                  </TrackedMethodRefs>
                </SequencePoint>
                <SequencePoint vc="0" uspid="59" ordinal="19" offset="101" sl="61" sc="13" el="61" ec="18" bec="0" bev="0" fileid="5" />
                <SequencePoint vc="0" uspid="60" ordinal="20" offset="102" sl="62" sc="13" el="62" ec="14" bec="0" bev="0" fileid="5" />
                <SequencePoint vc="0" uspid="61" ordinal="21" offset="103" sl="63" sc="16" el="63" ec="26" bec="0" bev="0" fileid="5" />
                <SequencePoint vc="0" uspid="62" ordinal="22" offset="105" sl="64" sc="17" el="64" ec="26" bec="0" bev="0" fileid="5" />
                <SequencePoint vc="1" uspid="63" ordinal="23" offset="110" sl="66" sc="13" el="66" ec="22" bec="0" bev="0" fileid="5">
                  <TrackedMethodRefs>
                    <TrackedMethodRef uid="2" vc="1" />
                  </TrackedMethodRefs>
                </SequencePoint>
                <SequencePoint vc="1" uspid="64" ordinal="24" offset="115" sl="67" sc="9" el="67" ec="10" bec="0" bev="0" fileid="5">
                  <TrackedMethodRefs>
                    <TrackedMethodRef uid="2" vc="1" />
                  </TrackedMethodRefs>
                </SequencePoint>
              </SequencePoints>
              <BranchPoints>
                <BranchPoint vc="1" uspid="65" ordinal="0" offset="73" sl="49" path="0" offsetend="75" fileid="5">
                  <TrackedMethodRefs>
                    <TrackedMethodRef uid="2" vc="1" />
                  </TrackedMethodRefs>
                </BranchPoint>
                <BranchPoint vc="0" uspid="66" ordinal="1" offset="73" sl="49" path="1" offsetend="80" fileid="5" />
              </BranchPoints>
              <MethodPoint xsi:type="SequencePoint" vc="1" uspid="40" ordinal="0" offset="0" sl="37" sc="9" el="37" ec="10" bec="0" bev="0" fileid="5">
                <TrackedMethodRefs>
                  <TrackedMethodRef uid="2" vc="1" />
                </TrackedMethodRefs>
              </MethodPoint>
            </Method>
            <Method visited="false" cyclomaticComplexity="2" nPathComplexity="2" sequenceCoverage="0" branchCoverage="0" crapScore="6" isConstructor="false" isStatic="false" isGetter="false" isSetter="false">
              <Summary numSequencePoints="15" visitedSequencePoints="0" numBranchPoints="3" visitedBranchPoints="0" sequenceCoverage="0" branchCoverage="0" maxCyclomaticComplexity="2" minCyclomaticComplexity="2" maxCrapScore="6" minCrapScore="6" visitedClasses="0" numClasses="0" visitedMethods="0" numMethods="1" />
              <MetadataToken>100663305</MetadataToken>
              <Name>System.Void ParserFile.ProveraFajla::Odgovorparserfile()</Name>
              <FileRef uid="5" />
              <SequencePoints>
                <SequencePoint vc="0" uspid="69" ordinal="0" offset="0" sl="69" sc="9" el="69" ec="10" bec="0" bev="0" fileid="5" />
                <SequencePoint vc="0" uspid="70" ordinal="1" offset="1" sl="70" sc="13" el="70" ec="39" bec="2" bev="0" fileid="5" />
                <SequencePoint vc="0" uspid="71" ordinal="2" offset="11" sl="71" sc="13" el="71" ec="14" bec="0" bev="0" fileid="5" />
                <SequencePoint vc="0" uspid="72" ordinal="3" offset="12" sl="72" sc="17" el="72" ec="63" bec="0" bev="0" fileid="5" />
                <SequencePoint vc="0" uspid="73" ordinal="4" offset="20" sl="73" sc="17" el="73" ec="62" bec="0" bev="0" fileid="5" />
                <SequencePoint vc="0" uspid="74" ordinal="5" offset="31" sl="74" sc="17" el="74" ec="38" bec="0" bev="0" fileid="5" />
                <SequencePoint vc="0" uspid="75" ordinal="6" offset="37" sl="75" sc="17" el="75" ec="57" bec="0" bev="0" fileid="5" />
                <SequencePoint vc="0" uspid="76" ordinal="7" offset="48" sl="76" sc="13" el="76" ec="14" bec="0" bev="0" fileid="5" />
                <SequencePoint vc="0" uspid="77" ordinal="8" offset="51" sl="78" sc="13" el="78" ec="14" bec="0" bev="0" fileid="5" />
                <SequencePoint vc="0" uspid="78" ordinal="9" offset="52" sl="79" sc="17" el="79" ec="63" bec="0" bev="0" fileid="5" />
                <SequencePoint vc="0" uspid="79" ordinal="10" offset="60" sl="80" sc="17" el="80" ec="63" bec="0" bev="0" fileid="5" />
                <SequencePoint vc="0" uspid="80" ordinal="11" offset="71" sl="81" sc="17" el="81" ec="38" bec="0" bev="0" fileid="5" />
                <SequencePoint vc="0" uspid="81" ordinal="12" offset="77" sl="82" sc="17" el="82" ec="60" bec="0" bev="0" fileid="5" />
                <SequencePoint vc="0" uspid="82" ordinal="13" offset="88" sl="83" sc="13" el="83" ec="14" bec="0" bev="0" fileid="5" />
                <SequencePoint vc="0" uspid="83" ordinal="14" offset="89" sl="84" sc="9" el="84" ec="10" bec="0" bev="0" fileid="5" />
              </SequencePoints>
              <BranchPoints>
                <BranchPoint vc="0" uspid="84" ordinal="0" offset="9" sl="70" path="0" offsetend="11" fileid="5" />
                <BranchPoint vc="0" uspid="85" ordinal="1" offset="9" sl="70" path="1" offsetend="51" fileid="5" />
              </BranchPoints>
              <MethodPoint xsi:type="SequencePoint" vc="0" uspid="69" ordinal="0" offset="0" sl="69" sc="9" el="69" ec="10" bec="0" bev="0" fileid="5" />
            </Method>
          </Methods>
        </Class>
        <Class>
          <Summary numSequencePoints="40" visitedSequencePoints="0" numBranchPoints="10" visitedBranchPoints="0" sequenceCoverage="0" branchCoverage="0" maxCyclomaticComplexity="2" minCyclomaticComplexity="1" maxCrapScore="6" minCrapScore="2" visitedClasses="0" numClasses="1" visitedMethods="0" numMethods="6" />
          <FullName>ParserFile.UpisUFajl</FullName>
          <Methods>
            <Method visited="false" cyclomaticComplexity="1" nPathComplexity="0" sequenceCoverage="0" branchCoverage="0" crapScore="2" isConstructor="false" isStatic="false" isGetter="true" isSetter="false">
              <Summary numSequencePoints="3" visitedSequencePoints="0" numBranchPoints="1" visitedBranchPoints="0" sequenceCoverage="0" branchCoverage="0" maxCyclomaticComplexity="1" minCyclomaticComplexity="1" maxCrapScore="2" minCrapScore="2" visitedClasses="0" numClasses="0" visitedMethods="0" numMethods="1" />
              <MetadataToken>100663306</MetadataToken>
              <Name>System.String ParserFile.UpisUFajl::get_PrimljeniTekst()</Name>
              <FileRef uid="6" />
              <SequencePoints>
                <SequencePoint vc="0" uspid="86" ordinal="0" offset="0" sl="27" sc="17" el="27" ec="18" bec="0" bev="0" fileid="6" />
                <SequencePoint vc="0" uspid="87" ordinal="1" offset="1" sl="27" sc="19" el="27" ec="41" bec="0" bev="0" fileid="6" />
                <SequencePoint vc="0" uspid="88" ordinal="2" offset="10" sl="27" sc="42" el="27" ec="43" bec="0" bev="0" fileid="6" />
              </SequencePoints>
              <BranchPoints />
              <MethodPoint xsi:type="SequencePoint" vc="0" uspid="86" ordinal="0" offset="0" sl="27" sc="17" el="27" ec="18" bec="0" bev="0" fileid="6" />
            </Method>
            <Method visited="false" cyclomaticComplexity="1" nPathComplexity="0" sequenceCoverage="0" branchCoverage="0" crapScore="2" isConstructor="false" isStatic="false" isGetter="false" isSetter="true">
              <Summary numSequencePoints="3" visitedSequencePoints="0" numBranchPoints="1" visitedBranchPoints="0" sequenceCoverage="0" branchCoverage="0" maxCyclomaticComplexity="1" minCyclomaticComplexity="1" maxCrapScore="2" minCrapScore="2" visitedClasses="0" numClasses="0" visitedMethods="0" numMethods="1" />
              <MetadataToken>100663307</MetadataToken>
              <Name>System.Void ParserFile.UpisUFajl::set_PrimljeniTekst(System.String)</Name>
              <FileRef uid="6" />
              <SequencePoints>
                <SequencePoint vc="0" uspid="89" ordinal="0" offset="0" sl="28" sc="17" el="28" ec="18" bec="0" bev="0" fileid="6" />
                <SequencePoint vc="0" uspid="90" ordinal="1" offset="1" sl="28" sc="19" el="28" ec="42" bec="0" bev="0" fileid="6" />
                <SequencePoint vc="0" uspid="91" ordinal="2" offset="8" sl="28" sc="43" el="28" ec="44" bec="0" bev="0" fileid="6" />
              </SequencePoints>
              <BranchPoints />
              <MethodPoint xsi:type="SequencePoint" vc="0" uspid="89" ordinal="0" offset="0" sl="28" sc="17" el="28" ec="18" bec="0" bev="0" fileid="6" />
            </Method>
            <Method visited="false" cyclomaticComplexity="1" nPathComplexity="0" sequenceCoverage="0" branchCoverage="0" crapScore="2" isConstructor="true" isStatic="false" isGetter="false" isSetter="false">
              <Summary numSequencePoints="3" visitedSequencePoints="0" numBranchPoints="1" visitedBranchPoints="0" sequenceCoverage="0" branchCoverage="0" maxCyclomaticComplexity="1" minCyclomaticComplexity="1" maxCrapScore="2" minCrapScore="2" visitedClasses="0" numClasses="0" visitedMethods="0" numMethods="1" />
              <MetadataToken>100663308</MetadataToken>
              <Name>System.Void ParserFile.UpisUFajl::.ctor()</Name>
              <FileRef uid="6" />
              <SequencePoints>
                <SequencePoint vc="0" uspid="92" ordinal="0" offset="0" sl="33" sc="9" el="33" ec="27" bec="0" bev="0" fileid="6" />
                <SequencePoint vc="0" uspid="93" ordinal="1" offset="7" sl="34" sc="9" el="34" ec="10" bec="0" bev="0" fileid="6" />
                <SequencePoint vc="0" uspid="94" ordinal="2" offset="8" sl="35" sc="9" el="35" ec="10" bec="0" bev="0" fileid="6" />
              </SequencePoints>
              <BranchPoints />
              <MethodPoint xsi:type="SequencePoint" vc="0" uspid="92" ordinal="0" offset="0" sl="33" sc="9" el="33" ec="27" bec="0" bev="0" fileid="6" />
            </Method>
            <Method visited="false" cyclomaticComplexity="2" nPathComplexity="2" sequenceCoverage="0" branchCoverage="0" crapScore="6" isConstructor="false" isStatic="false" isGetter="false" isSetter="false">
              <Summary numSequencePoints="22" visitedSequencePoints="0" numBranchPoints="3" visitedBranchPoints="0" sequenceCoverage="0" branchCoverage="0" maxCyclomaticComplexity="2" minCyclomaticComplexity="2" maxCrapScore="6" minCrapScore="6" visitedClasses="0" numClasses="0" visitedMethods="0" numMethods="1" />
              <MetadataToken>100663309</MetadataToken>
              <Name>System.Boolean ParserFile.UpisUFajl::UpisiUFajl(System.String)</Name>
              <FileRef uid="6" />
              <SequencePoints>
                <SequencePoint vc="0" uspid="95" ordinal="0" offset="0" sl="39" sc="9" el="39" ec="10" bec="0" bev="0" fileid="6" />
                <SequencePoint vc="0" uspid="96" ordinal="1" offset="1" sl="40" sc="13" el="40" ec="36" bec="0" bev="0" fileid="6" />
                <SequencePoint vc="0" uspid="97" ordinal="2" offset="13" sl="41" sc="13" el="41" ec="28" bec="0" bev="0" fileid="6" />
                <SequencePoint vc="0" uspid="98" ordinal="3" offset="15" sl="42" sc="13" el="42" ec="90" bec="0" bev="0" fileid="6" />
                <SequencePoint vc="0" uspid="99" ordinal="4" offset="42" sl="43" sc="17" el="43" ec="36" bec="2" bev="0" fileid="6" />
                <SequencePoint vc="0" uspid="100" ordinal="5" offset="52" sl="44" sc="17" el="44" ec="18" bec="0" bev="0" fileid="6" />
                <SequencePoint vc="0" uspid="101" ordinal="6" offset="53" sl="45" sc="17" el="45" ec="78" bec="0" bev="0" fileid="6" />
                <SequencePoint vc="0" uspid="102" ordinal="7" offset="61" sl="46" sc="17" el="46" ec="60" bec="0" bev="0" fileid="6" />
                <SequencePoint vc="0" uspid="103" ordinal="8" offset="69" sl="47" sc="17" el="47" ec="33" bec="0" bev="0" fileid="6" />
                <SequencePoint vc="0" uspid="104" ordinal="9" offset="78" sl="48" sc="17" el="48" ec="121" bec="0" bev="0" fileid="6" />
                <SequencePoint vc="0" uspid="105" ordinal="10" offset="89" sl="49" sc="17" el="49" ec="121" bec="0" bev="0" fileid="6" />
                <SequencePoint vc="0" uspid="106" ordinal="11" offset="100" sl="51" sc="17" el="51" ec="28" bec="0" bev="0" fileid="6" />
                <SequencePoint vc="0" uspid="107" ordinal="12" offset="108" sl="52" sc="17" el="52" ec="32" bec="0" bev="0" fileid="6" />
                <SequencePoint vc="0" uspid="108" ordinal="13" offset="115" sl="53" sc="17" el="53" ec="26" bec="0" bev="0" fileid="6" />
                <SequencePoint vc="0" uspid="109" ordinal="14" offset="117" sl="54" sc="17" el="54" ec="18" bec="0" bev="0" fileid="6" />
                <SequencePoint vc="0" uspid="110" ordinal="15" offset="120" sl="56" sc="17" el="56" ec="18" bec="0" bev="0" fileid="6" />
                <SequencePoint vc="0" uspid="111" ordinal="16" offset="121" sl="57" sc="17" el="57" ec="27" bec="0" bev="0" fileid="6" />
                <SequencePoint vc="0" uspid="112" ordinal="17" offset="123" sl="58" sc="17" el="58" ec="144" bec="0" bev="0" fileid="6" />
                <SequencePoint vc="0" uspid="113" ordinal="18" offset="134" sl="59" sc="17" el="59" ec="121" bec="0" bev="0" fileid="6" />
                <SequencePoint vc="0" uspid="114" ordinal="19" offset="145" sl="60" sc="13" el="60" ec="14" bec="0" bev="0" fileid="6" />
                <SequencePoint vc="0" uspid="115" ordinal="20" offset="146" sl="61" sc="13" el="61" ec="22" bec="0" bev="0" fileid="6" />
                <SequencePoint vc="0" uspid="116" ordinal="21" offset="151" sl="62" sc="9" el="62" ec="10" bec="0" bev="0" fileid="6" />
              </SequencePoints>
              <BranchPoints>
                <BranchPoint vc="0" uspid="117" ordinal="0" offset="50" sl="43" path="0" offsetend="52" fileid="6" />
                <BranchPoint vc="0" uspid="118" ordinal="1" offset="50" sl="43" path="1" offsetend="120" fileid="6" />
              </BranchPoints>
              <MethodPoint xsi:type="SequencePoint" vc="0" uspid="95" ordinal="0" offset="0" sl="39" sc="9" el="39" ec="10" bec="0" bev="0" fileid="6" />
            </Method>
            <Method visited="false" cyclomaticComplexity="2" nPathComplexity="2" sequenceCoverage="0" branchCoverage="0" crapScore="6" isConstructor="false" isStatic="false" isGetter="false" isSetter="false">
              <Summary numSequencePoints="8" visitedSequencePoints="0" numBranchPoints="3" visitedBranchPoints="0" sequenceCoverage="0" branchCoverage="0" maxCyclomaticComplexity="2" minCyclomaticComplexity="2" maxCrapScore="6" minCrapScore="6" visitedClasses="0" numClasses="0" visitedMethods="0" numMethods="1" />
              <MetadataToken>100663310</MetadataToken>
              <Name>System.Boolean ParserFile.UpisUFajl::ProveriTekst()</Name>
              <FileRef uid="6" />
              <SequencePoints>
                <SequencePoint vc="0" uspid="119" ordinal="0" offset="0" sl="65" sc="9" el="65" ec="10" bec="0" bev="0" fileid="6" />
                <SequencePoint vc="0" uspid="120" ordinal="1" offset="1" sl="66" sc="13" el="66" ec="28" bec="0" bev="0" fileid="6" />
                <SequencePoint vc="0" uspid="121" ordinal="2" offset="3" sl="67" sc="13" el="67" ec="38" bec="2" bev="0" fileid="6" />
                <SequencePoint vc="0" uspid="122" ordinal="3" offset="17" sl="68" sc="13" el="68" ec="14" bec="0" bev="0" fileid="6" />
                <SequencePoint vc="0" uspid="123" ordinal="4" offset="18" sl="69" sc="17" el="69" ec="26" bec="0" bev="0" fileid="6" />
                <SequencePoint vc="0" uspid="124" ordinal="5" offset="20" sl="70" sc="13" el="70" ec="14" bec="0" bev="0" fileid="6" />
                <SequencePoint vc="0" uspid="125" ordinal="6" offset="21" sl="71" sc="13" el="71" ec="22" bec="0" bev="0" fileid="6" />
                <SequencePoint vc="0" uspid="126" ordinal="7" offset="25" sl="72" sc="9" el="72" ec="10" bec="0" bev="0" fileid="6" />
              </SequencePoints>
              <BranchPoints>
                <BranchPoint vc="0" uspid="127" ordinal="0" offset="15" sl="67" path="0" offsetend="17" fileid="6" />
                <BranchPoint vc="0" uspid="128" ordinal="1" offset="15" sl="67" path="1" offsetend="21" fileid="6" />
              </BranchPoints>
              <MethodPoint xsi:type="SequencePoint" vc="0" uspid="119" ordinal="0" offset="0" sl="65" sc="9" el="65" ec="10" bec="0" bev="0" fileid="6" />
            </Method>
            <Method visited="false" cyclomaticComplexity="1" nPathComplexity="0" sequenceCoverage="0" branchCoverage="0" crapScore="2" isConstructor="true" isStatic="true" isGetter="false" isSetter="false">
              <Summary numSequencePoints="1" visitedSequencePoints="0" numBranchPoints="1" visitedBranchPoints="0" sequenceCoverage="0" branchCoverage="0" maxCyclomaticComplexity="1" minCyclomaticComplexity="1" maxCrapScore="2" minCrapScore="2" visitedClasses="0" numClasses="0" visitedMethods="0" numMethods="1" />
              <MetadataToken>100663311</MetadataToken>
              <Name>System.Void ParserFile.UpisUFajl::.cctor()</Name>
              <FileRef uid="6" />
              <SequencePoints>
                <SequencePoint vc="0" uspid="129" ordinal="0" offset="0" sl="21" sc="9" el="21" ec="64" bec="0" bev="0" fileid="6" />
              </SequencePoints>
              <BranchPoints />
              <MethodPoint xsi:type="SequencePoint" vc="0" uspid="129" ordinal="0" offset="0" sl="21" sc="9" el="21" ec="64" bec="0" bev="0" fileid="6" />
            </Method>
          </Methods>
        </Class>
      </Classes>
      <TrackedMethods />
    </Module>
  </Modules>
</CoverageSession>